<?xml version="1.0" encoding="UTF-8"?>
<testng-results ignored="0" total="1" passed="1" failed="0" skipped="0">
  <reporter-output>
  </reporter-output>
  <suite started-at="2023-01-27T17:56:28 IST" name="Default suite" finished-at="2023-01-27T17:56:28 IST" duration-ms="58">
    <groups>
    </groups>
    <test started-at="2023-01-27T17:56:28 IST" name="Default test" finished-at="2023-01-27T17:56:28 IST" duration-ms="58">
      <class name="com.qa.tmf.Test.Demo">
        <test-method signature="demo()[pri:0, instance:com.qa.tmf.Test.Demo@5cbe877d]" started-at="2023-01-27T17:56:28 IST" name="demo" finished-at="2023-01-27T17:56:28 IST" duration-ms="13" status="PASS">
          <reporter-output>
          </reporter-output>
        </test-method> <!-- demo -->
      </class> <!-- com.qa.tmf.Test.Demo -->
    </test> <!-- Default test -->
  </suite> <!-- Default suite -->
</testng-results>
